<?xml version="1.0" encoding="UTF-8"?>
<!-- Generated by org.testng.reporters.JUnitReportReporter -->
<testsuite hostname="DESKTOP-OSM8RH8" failures="0" tests="1" name="com.vnetbanking.testcases.TC_logintest_001" time="16.999" errors="0" timestamp="17 Jun 2024 06:12:34 GMT" skipped="0">
  <testcase classname="com.vnetbanking.testcases.TC_logintest_001" name="logintest" time="16.999"/>
</testsuite> <!-- com.vnetbanking.testcases.TC_logintest_001 -->
